c:\users\mathe\downloads\graphicsproject\debug\vc143.pdb
c:\users\mathe\downloads\graphicsproject\debug\vc143.idb
c:\users\mathe\downloads\graphicsproject\debug\vector3f.obj
c:\users\mathe\downloads\graphicsproject\debug\utils.obj
c:\users\mathe\downloads\graphicsproject\debug\player.obj
c:\users\mathe\downloads\graphicsproject\debug\openglmeshloader.obj
c:\users\mathe\downloads\graphicsproject\debug\model_3ds.obj
c:\users\mathe\downloads\graphicsproject\debug\main.obj
c:\users\mathe\downloads\graphicsproject\debug\gltexture.obj
c:\users\mathe\downloads\graphicsproject\debug\gamesettings.obj
c:\users\mathe\downloads\graphicsproject\debug\gamescene.obj
c:\users\mathe\downloads\graphicsproject\debug\gameobject.obj
c:\users\mathe\downloads\graphicsproject\debug\game.obj
c:\users\mathe\downloads\graphicsproject\debug\firstscene.obj
c:\users\mathe\downloads\graphicsproject\debug\collisionbox.obj
c:\users\mathe\downloads\graphicsproject\debug\camera.obj
c:\users\mathe\downloads\graphicsproject\debug\animatingvalue.obj
c:\users\mathe\downloads\graphicsproject\debug\openglmeshloader19.exe
c:\users\mathe\downloads\graphicsproject\debug\openglmeshloader19.pdb
c:\users\mathe\downloads\graphicsproject\debug\openglme.2ee1f2c2.tlog\cl.command.1.tlog
c:\users\mathe\downloads\graphicsproject\debug\openglme.2ee1f2c2.tlog\cl.items.tlog
c:\users\mathe\downloads\graphicsproject\debug\openglme.2ee1f2c2.tlog\cl.read.1.tlog
c:\users\mathe\downloads\graphicsproject\debug\openglme.2ee1f2c2.tlog\cl.write.1.tlog
c:\users\mathe\downloads\graphicsproject\debug\openglme.2ee1f2c2.tlog\link.command.1.tlog
c:\users\mathe\downloads\graphicsproject\debug\openglme.2ee1f2c2.tlog\link.read.1.tlog
c:\users\mathe\downloads\graphicsproject\debug\openglme.2ee1f2c2.tlog\link.write.1.tlog
